Using pre-set license
Built from '2020.3/staging' branch; Version is '2020.3.21f1 (a38c86f6690f) revision 10718342'; Using compiler version '192528614'; Build Type 'Release'
OS: 'Windows 10 Home; OS build 19043.1288; Version 2009; 64bit' Language: 'nl' Physical Memory: 16271 MB
BatchMode: 1, IsHumanControllingUs: 0, StartBugReporterOnCrash: 0, Is64bit: 1, IsPro: 0

COMMAND LINE ARGUMENTS:
C:\Program Files\Unity\Hub\Editor\2020.3.21f1\Editor\Unity.exe
-adb2
-batchMode
-noUpm
-name
AssetImportWorker0
-projectPath
C:/Users/goola/Desktop/school/Schooljaar3/VR Experience/ShooterGame_GoolaertsArne
-logFile
Logs/AssetImportWorker0.log
-srvPort
58094
Successfully changed project path to: C:/Users/goola/Desktop/school/Schooljaar3/VR Experience/ShooterGame_GoolaertsArne
C:/Users/goola/Desktop/school/Schooljaar3/VR Experience/ShooterGame_GoolaertsArne
Using Asset Import Pipeline V2.
Refreshing native plugins compatible for Editor in 62.35 ms, found 2 plugins.
Preloading 0 native plugins for Editor in 0.00 ms.
Initialize engine version: 2020.3.21f1 (a38c86f6690f)
[Subsystems] Discovering subsystems at path C:/Program Files/Unity/Hub/Editor/2020.3.21f1/Editor/Data/Resources/UnitySubsystems
[Subsystems] Discovering subsystems at path C:/Users/goola/Desktop/school/Schooljaar3/VR Experience/ShooterGame_GoolaertsArne/Assets
GfxDevice: creating device client; threaded=0
Direct3D:
    Version:  Direct3D 11.0 [level 11.1]
    Renderer: NVIDIA GeForce GTX 1050 with Max-Q Design (ID=0x1c91)
    Vendor:   
    VRAM:     2996 MB
    Driver:   30.0.14.7111
Initialize mono
Mono path[0] = 'C:/Program Files/Unity/Hub/Editor/2020.3.21f1/Editor/Data/Managed'
Mono path[1] = 'C:/Program Files/Unity/Hub/Editor/2020.3.21f1/Editor/Data/MonoBleedingEdge/lib/mono/unityjit'
Mono config path = 'C:/Program Files/Unity/Hub/Editor/2020.3.21f1/Editor/Data/MonoBleedingEdge/etc'
Using monoOptions --debugger-agent=transport=dt_socket,embedding=1,server=y,suspend=n,address=127.0.0.1:56572
Begin MonoManager ReloadAssembly
Registering precompiled unity dll's ...
Register platform support module: C:/Program Files/Unity/Hub/Editor/2020.3.21f1/Editor/Data/PlaybackEngines/WindowsStandaloneSupport/UnityEditor.WindowsStandalone.Extensions.dll
Registered in 0.002565 seconds.
Native extension for WindowsStandalone target not found
Refreshing native plugins compatible for Editor in 41.98 ms, found 2 plugins.
Preloading 0 native plugins for Editor in 0.00 ms.
Mono: successfully reloaded assembly
- Completed reload, in  1.524 seconds
Domain Reload Profiling:
	ReloadAssembly (1524ms)
		BeginReloadAssembly (101ms)
			ExecutionOrderSort (0ms)
			DisableScriptedObjects (0ms)
			BackupInstance (0ms)
			ReleaseScriptingObjects (0ms)
			CreateAndSetChildDomain (1ms)
		EndReloadAssembly (592ms)
			LoadAssemblies (96ms)
			RebuildTransferFunctionScriptingTraits (0ms)
			SetupTypeCache (203ms)
			ReleaseScriptCaches (0ms)
			RebuildScriptCaches (40ms)
			SetupLoadedEditorAssemblies (226ms)
				LogAssemblyErrors (0ms)
				InitializePlatformSupportModulesInManaged (5ms)
				SetLoadedEditorAssemblies (0ms)
				RefreshPlugins (42ms)
				BeforeProcessingInitializeOnLoad (24ms)
				ProcessInitializeOnLoadAttributes (116ms)
				ProcessInitializeOnLoadMethodAttributes (38ms)
				AfterProcessingInitializeOnLoad (0ms)
				EditorAssembliesLoaded (0ms)
			ExecutionOrderSort2 (0ms)
			AwakeInstancesAfterBackupRestoration (0ms)
Platform modules already initialized, skipping
Registering precompiled user dll's ...
Registered in 0.005951 seconds.
Begin MonoManager ReloadAssembly
Native extension for WindowsStandalone target not found
Refreshing native plugins compatible for Editor in 0.96 ms, found 2 plugins.
Preloading 0 native plugins for Editor in 0.00 ms.
Mono: successfully reloaded assembly
- Completed reload, in  2.900 seconds
Domain Reload Profiling:
	ReloadAssembly (2902ms)
		BeginReloadAssembly (465ms)
			ExecutionOrderSort (0ms)
			DisableScriptedObjects (16ms)
			BackupInstance (0ms)
			ReleaseScriptingObjects (0ms)
			CreateAndSetChildDomain (71ms)
		EndReloadAssembly (2276ms)
			LoadAssemblies (211ms)
			RebuildTransferFunctionScriptingTraits (0ms)
			SetupTypeCache (743ms)
			ReleaseScriptCaches (1ms)
			RebuildScriptCaches (106ms)
			SetupLoadedEditorAssemblies (1075ms)
				LogAssemblyErrors (0ms)
				InitializePlatformSupportModulesInManaged (15ms)
				SetLoadedEditorAssemblies (2ms)
				RefreshPlugins (1ms)
				BeforeProcessingInitializeOnLoad (225ms)
				ProcessInitializeOnLoadAttributes (777ms)
				ProcessInitializeOnLoadMethodAttributes (33ms)
				AfterProcessingInitializeOnLoad (22ms)
				EditorAssembliesLoaded (1ms)
			ExecutionOrderSort2 (0ms)
			AwakeInstancesAfterBackupRestoration (18ms)
Platform modules already initialized, skipping
========================================================================
Worker process is ready to serve import requests
Launched and connected shader compiler UnityShaderCompiler.exe after 0.10 seconds
Refreshing native plugins compatible for Editor in 0.66 ms, found 2 plugins.
Preloading 0 native plugins for Editor in 0.00 ms.
Unloading 1488 Unused Serialized files (Serialized files now loaded: 0)
System memory in use before: 79.6 MB.
System memory in use after: 79.7 MB.

Unloading 19 unused Assets to reduce memory usage. Loaded Objects now: 1934.
Total: 4.260100 ms (FindLiveObjects: 0.182300 ms CreateObjectMapping: 0.069600 ms MarkObjects: 3.918100 ms  DeleteObjects: 0.088400 ms)

AssetImportParameters requested are different than current active one (requested -> active):
  custom:framework-win-MediaFoundation: 216162199b28c13a410421893ffa2e32 -> 
  custom:video-decoder-ogg-theora: a1e56fd34408186e4bbccfd4996cb3dc -> 
  custom:container-muxer-webm: aa71ff27fc2769a1b78a27578f13a17b -> 
  custom:container-demuxer-webm: 4f35f7cbe854078d1ac9338744f61a02 -> 
  custom:container-demuxer-ogg: 62fdf1f143b41e24485cea50d1cbac27 -> 
  custom:video-encoder-webm-vp8: eb34c28f22e8b96e1ab97ce403110664 -> 
  custom:video-decoder-webm-vp8: 9c59270c3fd7afecdb556c50c9e8de78 -> 
  custom:audio-decoder-ogg-vorbis: bf7c407c2cedff20999df2af8eb42d56 -> 
  custom:audio-encoder-webm-vorbis: bf7c407c2cedff20999df2af8eb42d56 -> 
========================================================================
Received Import Request.
  path: Assets/New Terrain.asset
  artifactKey: Guid(402411d8f570d6648af8d50e6646dd83) Importer(815301076,1909f56bfc062723c751e8b465ee728b)
Start importing Assets/New Terrain.asset using Guid(402411d8f570d6648af8d50e6646dd83) Importer(815301076,1909f56bfc062723c751e8b465ee728b)  -> (artifact id: '123ddb92fec1abbc5d781d84af4d3307') in 0.050012 seconds 
  Import took 0.053747 seconds .

========================================================================
Received Import Request.
  Time since last request: 605.259883 seconds.
  path: Assets/NewBrush.brush
  artifactKey: Guid(d081aae6b3457e0478dfaddf35b3599e) Importer(815301076,1909f56bfc062723c751e8b465ee728b)
Start importing Assets/NewBrush.brush using Guid(d081aae6b3457e0478dfaddf35b3599e) Importer(815301076,1909f56bfc062723c751e8b465ee728b)  -> (artifact id: '6cc0ce3bc140c8a743bbb64f94b41a48') in 0.089732 seconds 
  Import took 0.093587 seconds .

========================================================================
Received Import Request.
  Time since last request: 294.626387 seconds.
  path: Assets
  artifactKey: Guid(00000000000000001000000000000000) Importer(815301076,1909f56bfc062723c751e8b465ee728b)
Start importing Assets using Guid(00000000000000001000000000000000) Importer(815301076,1909f56bfc062723c751e8b465ee728b)  -> (artifact id: '42d402b061de3733987d63b9cc3b64de') in 0.005171 seconds 
  Import took 0.009141 seconds .

========================================================================
Received Import Request.
  Time since last request: 10.460053 seconds.
  path: Assets/New Brush.brush
  artifactKey: Guid(c0c8442a6c26b7040b4eec66c5071f99) Importer(815301076,1909f56bfc062723c751e8b465ee728b)
Start importing Assets/New Brush.brush using Guid(c0c8442a6c26b7040b4eec66c5071f99) Importer(815301076,1909f56bfc062723c751e8b465ee728b)  -> (artifact id: '7595fe7604958699d5dff08d0121970f') in 0.040522 seconds 
  Import took 0.044815 seconds .

========================================================================
Received Import Request.
  Time since last request: 54.487833 seconds.
  path: Assets/Brush.brush
  artifactKey: Guid(c0c8442a6c26b7040b4eec66c5071f99) Importer(815301076,1909f56bfc062723c751e8b465ee728b)
Start importing Assets/Brush.brush using Guid(c0c8442a6c26b7040b4eec66c5071f99) Importer(815301076,1909f56bfc062723c751e8b465ee728b)  -> (artifact id: '799afa50eddabdf40b173acc77ed5841') in 0.022906 seconds 
  Import took 0.026589 seconds .

========================================================================
Received Import Request.
  Time since last request: 212.351212 seconds.
  path: Assets/BrushTest.brush
  artifactKey: Guid(c0c8442a6c26b7040b4eec66c5071f99) Importer(815301076,1909f56bfc062723c751e8b465ee728b)
Start importing Assets/BrushTest.brush using Guid(c0c8442a6c26b7040b4eec66c5071f99) Importer(815301076,1909f56bfc062723c751e8b465ee728b)  -> (artifact id: '696d065bc9630e035678b8bfad96d42c') in 0.017042 seconds 
  Import took 0.021917 seconds .

========================================================================
Received Import Request.
  Time since last request: 273.169691 seconds.
  path: Assets/ShooterTerrain.asset
  artifactKey: Guid(402411d8f570d6648af8d50e6646dd83) Importer(815301076,1909f56bfc062723c751e8b465ee728b)
Start importing Assets/ShooterTerrain.asset using Guid(402411d8f570d6648af8d50e6646dd83) Importer(815301076,1909f56bfc062723c751e8b465ee728b)  -> (artifact id: '0babde5ae5dd84c1f66702192812c1fd') in 0.019147 seconds 
  Import took 0.024542 seconds .

========================================================================
Received Import Request.
  Time since last request: 682.684712 seconds.
  path: Assets/New Terrain.asset
  artifactKey: Guid(5f3b6b31024111c4e8c79b7edda0c354) Importer(815301076,1909f56bfc062723c751e8b465ee728b)
Start importing Assets/New Terrain.asset using Guid(5f3b6b31024111c4e8c79b7edda0c354) Importer(815301076,1909f56bfc062723c751e8b465ee728b)  -> (artifact id: '14878d0baef904cc08d55da90663a44e') in 0.016296 seconds 
  Import took 0.020843 seconds .

AssetImportWorkerClient::OnTransportError - code=2 error=End of file
